[debug] > Exec(early(addDefaultCommands), None, None)
[debug] > Exec(addDefaultCommands, None, None)
[debug] > Exec(early(initialize), None, None)
[debug] > Exec(initialize, None, None)
[debug] > Exec(boot, None, None)
[debug] > Exec(writeSbtVersion, None, None)
[debug] > Exec(reload, None, None)
[debug] > Exec(sbtStashOnFailure, None, None)
[debug] > Exec(onFailure loadFailed, None, None)
[debug] > Exec(loadp, None, None)
[info] welcome to sbt 1.10.1 (Amazon.com Inc. Java 11.0.26)
[debug] Load.defaultLoad until apply took 31.408208ms
[debug]           Load.loadUnit: plugins took 29.118625ms
[debug]           Load.loadUnit: defsScala took 0.087875ms
[debug] [Loading] Scanning directory /Users/razafindraibenandrainajerryalex/Documents/Fanampina/mozaaaartGame_code/project
[debug] [Loading] Found non-root projects 
[debug] [Loading] Done in /Users/razafindraibenandrainajerryalex/Documents/Fanampina/mozaaaartGame_code/project, returning: ()
[debug] deducing auto plugins based on known facts Set(Atom(sbt.plugins.CorePlugin)) and clauses Clauses(Clause(Atom(sbt.plugins.JvmPlugin),Set(Atom(sbt.plugins.IvyPlugin)))
[debug] Clause(Atom(sbt.ScriptedPlugin),Set(Atom(sbt.plugins.JvmPlugin)))
[debug] Clause(Atom(sbt.plugins.SbtPlugin),Set(Atom(sbt.ScriptedPlugin)))
[debug] Clause(Atom(sbt.plugins.SemanticdbPlugin),Set(Atom(sbt.plugins.JvmPlugin)))
[debug] Clause(Atom(sbt.plugins.JUnitXmlReportPlugin),Set(Atom(sbt.plugins.JvmPlugin)))
[debug] Clause(Atom(sbt.plugins.MiniDependencyTreePlugin),Set(Atom(sbt.plugins.JvmPlugin)))
[debug] Clause(Atom(sbt.plugins.CorePlugin),Set(Atom(sbt.plugins.IvyPlugin)))
[debug] Clause(Atom(sbt.plugins.IvyPlugin),Set(Atom(sbt.plugins.JvmPlugin)))
[debug] Clause(Atom(sbt.plugins.JvmPlugin),Set(Atom(sbt.plugins.SemanticdbPlugin)))
[debug] Clause(Atom(sbt.plugins.JvmPlugin),Set(Atom(sbt.plugins.JUnitXmlReportPlugin)))
[debug] Clause(Atom(sbt.plugins.CorePlugin),Set(Atom(sbt.plugins.Giter8TemplatePlugin)))
[debug] Clause(Atom(sbt.plugins.JvmPlugin),Set(Atom(sbt.plugins.MiniDependencyTreePlugin))))
[debug]   :: deduced result: Matched(sbt.plugins.CorePlugin,sbt.plugins.Giter8TemplatePlugin,sbt.plugins.IvyPlugin,sbt.plugins.JvmPlugin,sbt.plugins.MiniDependencyTreePlugin,sbt.plugins.JUnitXmlReportPlugin,sbt.plugins.SemanticdbPlugin)
[debug] Plugins.deducer#function took 5.529666 ms
[debug]               Load.resolveProject(mozaaaartgame_code-build) took 28.560417ms
[debug]             Load.loadTransitive: finalizeProject(Project(id mozaaaartgame_code-build, base: /Users/razafindraibenandrainajerryalex/Documents/Fanampina/mozaaaartGame_code/project, plugins: List(<none>))) took 46.950833ms
[debug] [Loading] Done in /Users/razafindraibenandrainajerryalex/Documents/Fanampina/mozaaaartGame_code/project, returning: (mozaaaartgame_code-build)
[debug]           Load.loadUnit: loadedProjectsRaw took 53.543583ms
[debug]           Load.loadUnit: cleanEvalClasses took 0.114417ms
[debug]         Load.loadUnit(file:/Users/razafindraibenandrainajerryalex/Documents/Fanampina/mozaaaartGame_code/project/, ...) took 84.766125ms
[debug]       Load.apply: load took 454.541209ms
[debug]       Load.apply: resolveProjects took 2.641959ms
[debug]       Load.apply: finalTransforms took 24.313458ms
[debug]       Load.apply: config.delegates took 2.150209ms
[debug]       Load.apply: Def.make(settings)... took 146.123709ms
[debug]       Load.apply: structureIndex took 33.451625ms
[debug]       Load.apply: mkStreams took 0.50975ms
[info] loading project definition from /Users/razafindraibenandrainajerryalex/Documents/Fanampina/mozaaaartGame_code/project
[debug] Running task... Cancel: Signal, check cycles: false, forcegc: true
[debug]     Load.loadUnit: plugins took 992.200583ms
[debug]     Load.loadUnit: defsScala took 0.001333ms
[debug] [Loading] Scanning directory /Users/razafindraibenandrainajerryalex/Documents/Fanampina/mozaaaartGame_code
[debug]       Load.loadUnit: mkEval took 2.862667ms
[debug] [Loading] Found root project root w/ remaining 
[debug] deducing auto plugins based on known facts Set(Atom(sbt.plugins.CorePlugin)) and clauses Clauses(Clause(Atom(sbt.plugins.JvmPlugin),Set(Atom(sbt.plugins.IvyPlugin)))
[debug] Clause(Atom(sbt.ScriptedPlugin),Set(Atom(sbt.plugins.JvmPlugin)))
[debug] Clause(Atom(sbt.plugins.SbtPlugin),Set(Atom(sbt.ScriptedPlugin)))
[debug] Clause(Atom(sbt.plugins.SemanticdbPlugin),Set(Atom(sbt.plugins.JvmPlugin)))
[debug] Clause(Atom(sbt.plugins.JUnitXmlReportPlugin),Set(Atom(sbt.plugins.JvmPlugin)))
[debug] Clause(Atom(sbt.plugins.MiniDependencyTreePlugin),Set(Atom(sbt.plugins.JvmPlugin)))
[debug] Clause(Atom(sbt.plugins.CorePlugin),Set(Atom(sbt.plugins.IvyPlugin)))
[debug] Clause(Atom(sbt.plugins.IvyPlugin),Set(Atom(sbt.plugins.JvmPlugin)))
[debug] Clause(Atom(sbt.plugins.JvmPlugin),Set(Atom(sbt.plugins.SemanticdbPlugin)))
[debug] Clause(Atom(sbt.plugins.JvmPlugin),Set(Atom(sbt.plugins.JUnitXmlReportPlugin)))
[debug] Clause(Atom(sbt.plugins.CorePlugin),Set(Atom(sbt.plugins.Giter8TemplatePlugin)))
[debug] Clause(Atom(sbt.plugins.JvmPlugin),Set(Atom(sbt.plugins.MiniDependencyTreePlugin))))
[debug]   :: deduced result: Matched(sbt.plugins.CorePlugin,sbt.plugins.Giter8TemplatePlugin,sbt.plugins.IvyPlugin,sbt.plugins.JvmPlugin,sbt.plugins.MiniDependencyTreePlugin,sbt.plugins.JUnitXmlReportPlugin,sbt.plugins.SemanticdbPlugin)
[debug] Plugins.deducer#function took 0.675125 ms
[info] loading settings for project root from build.sbt ...
[debug]         Load.resolveProject(root) took 0.861875ms
[debug]       Load.loadTransitive: finalizeProject(Project(id root, base: /Users/razafindraibenandrainajerryalex/Documents/Fanampina/mozaaaartGame_code, plugins: List(<none>))) took 1.853333ms
[debug] [Loading] Done in /Users/razafindraibenandrainajerryalex/Documents/Fanampina/mozaaaartGame_code, returning: (root)
[debug]     Load.loadUnit: loadedProjectsRaw took 90.526833ms
[debug]     Load.loadUnit: cleanEvalClasses took 1.155833ms
[debug]   Load.loadUnit(file:/Users/razafindraibenandrainajerryalex/Documents/Fanampina/mozaaaartGame_code/, ...) took 1084.347667ms
[debug] Load.apply: load took 1090.403083ms
[debug] Load.apply: resolveProjects took 0.041541ms
[debug] Load.apply: finalTransforms took 6.16525ms
[debug] Load.apply: config.delegates took 0.12875ms
[debug] Load.apply: Def.make(settings)... took 31.531667ms
[debug] Load.apply: structureIndex took 9.520625ms
[debug] Load.apply: mkStreams took 0.001208ms
[info] set current project to mozartGame (in build file:/Users/razafindraibenandrainajerryalex/Documents/Fanampina/mozaaaartGame_code/)
[debug] > Exec(sbtPopOnFailure, None, None)
[debug] > Exec(resumeFromFailure, None, None)
[debug] > Exec(notifyUsersAboutShell, None, None)
[debug] > Exec(iflast shell, None, None)
[debug] > Exec(shell, None, None)
[info] sbt server started at local:///Users/razafindraibenandrainajerryalex/.sbt/1.0/server/ea9a33a6fa082b87101f/sock
[debug] Writing bsp connection file
[info] started sbt server
