[debug] > Exec(early(addDefaultCommands), None, None)
[debug] > Exec(addDefaultCommands, None, None)
[debug] > Exec(early(initialize), None, None)
[debug] > Exec(initialize, None, None)
[debug] > Exec(boot, None, None)
[debug] > Exec(writeSbtVersion, None, None)
[debug] > Exec(reload, None, None)
[debug] > Exec(sbtStashOnFailure, None, None)
[debug] > Exec(onFailure loadFailed, None, None)
[debug] > Exec(loadp, None, None)
[info] welcome to sbt 1.10.1 (Amazon.com Inc. Java 11.0.26)
[debug] Load.defaultLoad until apply took 31.306417ms
[debug]           Load.loadUnit: plugins took 28.841667ms
[debug]           Load.loadUnit: defsScala took 0.095833ms
[debug] [Loading] Scanning directory /Users/razafindraibenandrainajerryalex/Documents/Bosy/PPC/TDs/mozartGame_code/project
[debug] [Loading] Found non-root projects 
[debug] [Loading] Done in /Users/razafindraibenandrainajerryalex/Documents/Bosy/PPC/TDs/mozartGame_code/project, returning: ()
[debug] deducing auto plugins based on known facts Set(Atom(sbt.plugins.CorePlugin)) and clauses Clauses(Clause(Atom(sbt.plugins.JvmPlugin),Set(Atom(sbt.plugins.IvyPlugin)))
[debug] Clause(Atom(sbt.ScriptedPlugin),Set(Atom(sbt.plugins.JvmPlugin)))
[debug] Clause(Atom(sbt.plugins.SbtPlugin),Set(Atom(sbt.ScriptedPlugin)))
[debug] Clause(Atom(sbt.plugins.SemanticdbPlugin),Set(Atom(sbt.plugins.JvmPlugin)))
[debug] Clause(Atom(sbt.plugins.JUnitXmlReportPlugin),Set(Atom(sbt.plugins.JvmPlugin)))
[debug] Clause(Atom(sbt.plugins.MiniDependencyTreePlugin),Set(Atom(sbt.plugins.JvmPlugin)))
[debug] Clause(Atom(sbt.plugins.CorePlugin),Set(Atom(sbt.plugins.IvyPlugin)))
[debug] Clause(Atom(sbt.plugins.IvyPlugin),Set(Atom(sbt.plugins.JvmPlugin)))
[debug] Clause(Atom(sbt.plugins.JvmPlugin),Set(Atom(sbt.plugins.SemanticdbPlugin)))
[debug] Clause(Atom(sbt.plugins.JvmPlugin),Set(Atom(sbt.plugins.JUnitXmlReportPlugin)))
[debug] Clause(Atom(sbt.plugins.CorePlugin),Set(Atom(sbt.plugins.Giter8TemplatePlugin)))
[debug] Clause(Atom(sbt.plugins.JvmPlugin),Set(Atom(sbt.plugins.MiniDependencyTreePlugin))))
[debug]   :: deduced result: Matched(sbt.plugins.CorePlugin,sbt.plugins.Giter8TemplatePlugin,sbt.plugins.IvyPlugin,sbt.plugins.JvmPlugin,sbt.plugins.MiniDependencyTreePlugin,sbt.plugins.JUnitXmlReportPlugin,sbt.plugins.SemanticdbPlugin)
[debug] Plugins.deducer#function took 6.9535 ms
[debug]               Load.resolveProject(mozartgame_code-build) took 18.62675ms
[debug]             Load.loadTransitive: finalizeProject(Project(id mozartgame_code-build, base: /Users/razafindraibenandrainajerryalex/Documents/Bosy/PPC/TDs/mozartGame_code/project, plugins: List(<none>))) took 38.714709ms
[debug] [Loading] Done in /Users/razafindraibenandrainajerryalex/Documents/Bosy/PPC/TDs/mozartGame_code/project, returning: (mozartgame_code-build)
[debug]           Load.loadUnit: loadedProjectsRaw took 45.514375ms
[debug]           Load.loadUnit: cleanEvalClasses took 0.09525ms
[debug]         Load.loadUnit(file:/Users/razafindraibenandrainajerryalex/Documents/Bosy/PPC/TDs/mozartGame_code/project/, ...) took 76.544334ms
[debug]       Load.apply: load took 310.904417ms
[debug]       Load.apply: resolveProjects took 2.035917ms
[debug]       Load.apply: finalTransforms took 22.56075ms
[debug]       Load.apply: config.delegates took 2.0505ms
[debug]       Load.apply: Def.make(settings)... took 153.004ms
[debug]       Load.apply: structureIndex took 34.161083ms
[debug]       Load.apply: mkStreams took 0.672667ms
[info] loading project definition from /Users/razafindraibenandrainajerryalex/Documents/Bosy/PPC/TDs/mozartGame_code/project
[debug] Running task... Cancel: Signal, check cycles: false, forcegc: true
[debug]     Load.loadUnit: plugins took 842.843125ms
[debug]     Load.loadUnit: defsScala took 0.001625ms
[debug] [Loading] Scanning directory /Users/razafindraibenandrainajerryalex/Documents/Bosy/PPC/TDs/mozartGame_code
[debug]       Load.loadUnit: mkEval took 3.807583ms
[debug] [Loading] Found root project root w/ remaining 
[debug] deducing auto plugins based on known facts Set(Atom(sbt.plugins.CorePlugin)) and clauses Clauses(Clause(Atom(sbt.plugins.JvmPlugin),Set(Atom(sbt.plugins.IvyPlugin)))
[debug] Clause(Atom(sbt.ScriptedPlugin),Set(Atom(sbt.plugins.JvmPlugin)))
[debug] Clause(Atom(sbt.plugins.SbtPlugin),Set(Atom(sbt.ScriptedPlugin)))
[debug] Clause(Atom(sbt.plugins.SemanticdbPlugin),Set(Atom(sbt.plugins.JvmPlugin)))
[debug] Clause(Atom(sbt.plugins.JUnitXmlReportPlugin),Set(Atom(sbt.plugins.JvmPlugin)))
[debug] Clause(Atom(sbt.plugins.MiniDependencyTreePlugin),Set(Atom(sbt.plugins.JvmPlugin)))
[debug] Clause(Atom(sbt.plugins.CorePlugin),Set(Atom(sbt.plugins.IvyPlugin)))
[debug] Clause(Atom(sbt.plugins.IvyPlugin),Set(Atom(sbt.plugins.JvmPlugin)))
[debug] Clause(Atom(sbt.plugins.JvmPlugin),Set(Atom(sbt.plugins.SemanticdbPlugin)))
[debug] Clause(Atom(sbt.plugins.JvmPlugin),Set(Atom(sbt.plugins.JUnitXmlReportPlugin)))
[debug] Clause(Atom(sbt.plugins.CorePlugin),Set(Atom(sbt.plugins.Giter8TemplatePlugin)))
[debug] Clause(Atom(sbt.plugins.JvmPlugin),Set(Atom(sbt.plugins.MiniDependencyTreePlugin))))
[debug]   :: deduced result: Matched(sbt.plugins.CorePlugin,sbt.plugins.Giter8TemplatePlugin,sbt.plugins.IvyPlugin,sbt.plugins.JvmPlugin,sbt.plugins.MiniDependencyTreePlugin,sbt.plugins.JUnitXmlReportPlugin,sbt.plugins.SemanticdbPlugin)
[debug] Plugins.deducer#function took 0.779958 ms
[info] loading settings for project root from build.sbt ...
[debug]         Load.resolveProject(root) took 0.9555ms
[debug]       Load.loadTransitive: finalizeProject(Project(id root, base: /Users/razafindraibenandrainajerryalex/Documents/Bosy/PPC/TDs/mozartGame_code, plugins: List(<none>))) took 2.067042ms
[debug] [Loading] Done in /Users/razafindraibenandrainajerryalex/Documents/Bosy/PPC/TDs/mozartGame_code, returning: (root)
[debug]     Load.loadUnit: loadedProjectsRaw took 64.756708ms
[debug]     Load.loadUnit: cleanEvalClasses took 1.821291ms
[debug]   Load.loadUnit(file:/Users/razafindraibenandrainajerryalex/Documents/Bosy/PPC/TDs/mozartGame_code/, ...) took 909.899208ms
[debug] Load.apply: load took 915.246709ms
[debug] Load.apply: resolveProjects took 0.058125ms
[debug] Load.apply: finalTransforms took 5.5785ms
[debug] Load.apply: config.delegates took 0.182834ms
[debug] Load.apply: Def.make(settings)... took 41.36475ms
[debug] Load.apply: structureIndex took 11.22425ms
[debug] Load.apply: mkStreams took 0.001709ms
[info] set current project to mozartGame (in build file:/Users/razafindraibenandrainajerryalex/Documents/Bosy/PPC/TDs/mozartGame_code/)
[debug] > Exec(sbtPopOnFailure, None, None)
[debug] > Exec(resumeFromFailure, None, None)
[debug] > Exec(notifyUsersAboutShell, None, None)
[debug] > Exec(iflast shell, None, None)
[debug] > Exec(shell, None, None)
[info] sbt server started at local:///Users/razafindraibenandrainajerryalex/.sbt/1.0/server/ced7eef3e491230909d5/sock
[debug] Writing bsp connection file
[info] started sbt server
